TN:
SF:src\server.js
FNF:0
FNH:0
DA:1,1
DA:2,1
DA:3,1
DA:4,1
DA:7,1
DA:8,1
DA:10,1
DA:11,1
DA:13,1
LF:9
LH:9
BRF:0
BRH:0
end_of_record
TN:
SF:src\database\models\TodoModel.js
FNF:0
FNH:0
DA:1,1
DA:2,1
DA:6,1
DA:36,1
LF:4
LH:4
BRF:0
BRH:0
end_of_record
TN:
SF:src\database\setup\database.js
FNF:0
FNH:0
DA:1,1
DA:3,1
DA:6,1
DA:11,1
LF:4
LH:4
BRF:0
BRH:0
end_of_record
TN:
SF:src\routes\index.js
FNF:0
FNH:0
DA:1,1
DA:2,1
DA:4,1
DA:6,1
DA:8,1
LF:5
LH:5
BRF:0
BRH:0
end_of_record
TN:
SF:src\routes\todos\index.js
FN:9,(anonymous_0)
FN:21,(anonymous_1)
FN:38,(anonymous_2)
FN:44,(anonymous_3)
FN:56,(anonymous_4)
FN:72,(anonymous_5)
FN:88,(anonymous_6)
FNF:7
FNH:7
FNDA:1,(anonymous_0)
FNDA:2,(anonymous_1)
FNDA:1,(anonymous_2)
FNDA:2,(anonymous_3)
FNDA:1,(anonymous_4)
FNDA:1,(anonymous_5)
FNDA:1,(anonymous_6)
DA:1,1
DA:2,1
DA:3,1
DA:5,1
DA:9,1
DA:10,1
DA:11,1
DA:12,0
DA:13,0
DA:15,1
DA:17,1
DA:21,1
DA:24,2
DA:26,2
DA:27,1
DA:30,1
DA:33,1
DA:35,1
DA:38,1
DA:39,1
DA:40,1
DA:44,1
DA:45,2
DA:46,2
DA:48,2
DA:50,2
DA:52,0
DA:56,1
DA:57,1
DA:59,1
DA:68,1
DA:72,1
DA:73,1
DA:75,1
DA:82,1
DA:84,1
DA:88,1
DA:89,1
DA:91,1
DA:93,1
DA:96,1
LF:41
LH:38
BRDA:11,0,0,0
BRDA:11,0,1,1
BRDA:26,1,0,1
BRDA:26,1,1,1
BRF:4
BRH:3
end_of_record
TN:
SF:tests\setup\test-data\TestDataTodos.js
FNF:0
FNH:0
DA:1,1
DA:28,1
LF:2
LH:2
BRF:0
BRH:0
end_of_record
